D:\PROJECT\COMMUNITY\WINDOWS\CLIENT\ZLIB\CONTRIB\VSTUDIO\VC10\X86\ZLIBDLLDEBUG\TMP\ADLER32.OBJ
D:\Project\community\windows\Client\zlib\contrib\vstudio\vc10\x86\ZlibDllDebug\Tmp\cl.command.1.tlog
D:\Project\community\windows\Client\zlib\contrib\vstudio\vc10\x86\ZlibDllDebug\Tmp\CL.read.1.tlog
D:\Project\community\windows\Client\zlib\contrib\vstudio\vc10\x86\ZlibDllDebug\Tmp\CL.write.1.tlog
D:\PROJECT\COMMUNITY\WINDOWS\CLIENT\ZLIB\CONTRIB\VSTUDIO\VC10\X86\ZLIBDLLDEBUG\TMP\COMPRESS.OBJ
D:\PROJECT\COMMUNITY\WINDOWS\CLIENT\ZLIB\CONTRIB\VSTUDIO\VC10\X86\ZLIBDLLDEBUG\TMP\CRC32.OBJ
D:\PROJECT\COMMUNITY\WINDOWS\CLIENT\ZLIB\CONTRIB\VSTUDIO\VC10\X86\ZLIBDLLDEBUG\TMP\DEFLATE.OBJ
D:\PROJECT\COMMUNITY\WINDOWS\CLIENT\ZLIB\CONTRIB\VSTUDIO\VC10\X86\ZLIBDLLDEBUG\TMP\GZCLOSE.OBJ
D:\PROJECT\COMMUNITY\WINDOWS\CLIENT\ZLIB\CONTRIB\VSTUDIO\VC10\X86\ZLIBDLLDEBUG\TMP\GZLIB.OBJ
D:\PROJECT\COMMUNITY\WINDOWS\CLIENT\ZLIB\CONTRIB\VSTUDIO\VC10\X86\ZLIBDLLDEBUG\TMP\GZREAD.OBJ
D:\PROJECT\COMMUNITY\WINDOWS\CLIENT\ZLIB\CONTRIB\VSTUDIO\VC10\X86\ZLIBDLLDEBUG\TMP\GZWRITE.OBJ
D:\PROJECT\COMMUNITY\WINDOWS\CLIENT\ZLIB\CONTRIB\VSTUDIO\VC10\X86\ZLIBDLLDEBUG\TMP\INFBACK.OBJ
D:\PROJECT\COMMUNITY\WINDOWS\CLIENT\ZLIB\CONTRIB\VSTUDIO\VC10\X86\ZLIBDLLDEBUG\TMP\INFFAST.OBJ
D:\PROJECT\COMMUNITY\WINDOWS\CLIENT\ZLIB\CONTRIB\VSTUDIO\VC10\X86\ZLIBDLLDEBUG\TMP\INFLATE.OBJ
D:\PROJECT\COMMUNITY\WINDOWS\CLIENT\ZLIB\CONTRIB\VSTUDIO\VC10\X86\ZLIBDLLDEBUG\TMP\INFTREES.OBJ
D:\PROJECT\COMMUNITY\WINDOWS\CLIENT\ZLIB\CONTRIB\VSTUDIO\VC10\X86\ZLIBDLLDEBUG\TMP\IOAPI.OBJ
D:\PROJECT\COMMUNITY\WINDOWS\CLIENT\ZLIB\CONTRIB\VSTUDIO\VC10\X86\ZLIBDLLDEBUG\TMP\IOWIN32.OBJ
D:\Project\community\windows\Client\zlib\contrib\vstudio\vc10\x86\ZlibDllDebug\Tmp\lib.command.1.tlog
D:\Project\community\windows\Client\zlib\contrib\vstudio\vc10\x86\ZlibDllDebug\Tmp\Lib-link.read.1.tlog
D:\Project\community\windows\Client\zlib\contrib\vstudio\vc10\x86\ZlibDllDebug\Tmp\Lib-link.write.1.tlog
D:\Project\community\windows\Client\zlib\contrib\vstudio\vc10\x86\ZlibDllDebug\Tmp\Lib-link-cvtres.read.1.tlog
D:\Project\community\windows\Client\zlib\contrib\vstudio\vc10\x86\ZlibDllDebug\Tmp\Lib-link-cvtres.write.1.tlog
D:\Project\community\windows\Client\zlib\contrib\vstudio\vc10\x86\ZlibDllDebug\Tmp\rc.command.1.tlog
D:\Project\community\windows\Client\zlib\contrib\vstudio\vc10\x86\ZlibDllDebug\Tmp\rc.read.1.tlog
D:\Project\community\windows\Client\zlib\contrib\vstudio\vc10\x86\ZlibDllDebug\Tmp\rc.write.1.tlog
D:\PROJECT\COMMUNITY\WINDOWS\CLIENT\ZLIB\CONTRIB\VSTUDIO\VC10\X86\ZLIBDLLDEBUG\TMP\TREES.OBJ
D:\PROJECT\COMMUNITY\WINDOWS\CLIENT\ZLIB\CONTRIB\VSTUDIO\VC10\X86\ZLIBDLLDEBUG\TMP\UNCOMPR.OBJ
D:\PROJECT\COMMUNITY\WINDOWS\CLIENT\ZLIB\CONTRIB\VSTUDIO\VC10\X86\ZLIBDLLDEBUG\TMP\UNZIP.OBJ
D:\PROJECT\COMMUNITY\WINDOWS\CLIENT\ZLIB\CONTRIB\VSTUDIO\VC10\X86\ZLIBDLLDEBUG\TMP\ZIP.OBJ
D:\PROJECT\COMMUNITY\WINDOWS\CLIENT\ZLIB\CONTRIB\VSTUDIO\VC10\X86\ZLIBDLLDEBUG\TMP\ZLIB.RES
D:\Project\community\windows\Client\zlib\contrib\vstudio\vc10\x86\ZlibDllDebug\Tmp\zlibvc.write.1.tlog
D:\PROJECT\COMMUNITY\WINDOWS\CLIENT\ZLIB\CONTRIB\VSTUDIO\VC10\X86\ZLIBDLLDEBUG\TMP\ZUTIL.OBJ
D:\PROJECT\COMMUNITY\WINDOWS\CLIENT\ZLIB\CONTRIB\VSTUDIO\VC10\X86\ZLIBDLLDEBUG\VC100.PDB
D:\PROJECT\COMMUNITY\WINDOWS\CLIENT\ZLIB\CONTRIB\VSTUDIO\VC10\X86\ZLIBDLLDEBUG\ZLIBWAPID.LIB
