生成启动时间为 2017/5/30 18:19:17。
     1>项目“D:\Project\community\windows\Client\zlib\contrib\vstudio\vc10\zlibvc.vcxproj”在节点 2 上(build 个目标)。
     1>InitializeBuildStatus:
         正在创建“x86\ZlibDllDebug\Tmp\zlibvc.unsuccessfulbuild”，因为已指定“AlwaysCreate”。
       PreBuildEvent:
         cd ..\..\masmx86
         bld_ml32.bat
         :VCEnd
         Microsoft (R) Macro Assembler Version 10.00.30319.01
         Copyright (C) Microsoft Corporation.  All rights reserved.
         
          Assembling: match686.asm
          Assembling: inffas32.asm
         Microsoft (R) Macro Assembler Version 10.00.30319.01
         Copyright (C) Microsoft Corporation.  All rights reserved.
         
       ClCompile:
         所有输出均为最新。
       ResourceCompile:
         所有输出均为最新。
       Lib:
         所有输出均为最新。
         zlibvc.vcxproj -> D:\Project\community\windows\Client\zlib\contrib\vstudio\vc10\x86\ZlibDllDebug\zlibwapid.lib
       FinalizeBuildStatus:
         正在删除文件“x86\ZlibDllDebug\Tmp\zlibvc.unsuccessfulbuild”。
         正在对“x86\ZlibDllDebug\Tmp\zlibvc.lastbuildstate”执行 Touch 任务。
     1>已完成生成项目“D:\Project\community\windows\Client\zlib\contrib\vstudio\vc10\zlibvc.vcxproj”(build 个目标)的操作。

生成成功。

已用时间 00:00:00.18
